<?xml version="1.0" encoding="UTF-8"?>
<testsuites name="Test Suite Customer" time="41.944" tests="9" failures="0" errors="0">
   <testsuite name="Test Suite Customer" tests="9" failures="0" errors="0" time="41.944" skipped="0" timestamp="05-03-2024T15:01:52" hostname="Administrator - 10.53.16.229" id="Test Suites/Test Suite Customer">
      <properties>
[...]
</properties>
      <testcase name="Test Cases/test_input1" time="4.935" classname="Test Cases/test_input1" status="PASSED">
         <system-out><![CDATA[05-03-2024T15:01:52 - [TEST_CASE][PASSED] - Test Cases/test_input1: Test Cases/test_input1

05-03-2024T15:01:52 - [TEST_STEP][PASSED] - openBrowser(""): Browser is opened with url: ''

05-03-2024T15:01:52 - [MESSAGE][INFO] - Starting 'Chrome' driver

05-03-2024T15:01:52 - [MESSAGE][INFO] - Action delay is set to 0 milliseconds

05-03-2024T15:01:53 - [MESSAGE][PASSED] - Browser is opened with url: ''

05-03-2024T15:01:53 - [TEST_STEP][PASSED] - navigateToUrl("http://127.0.0.1/customerphp/customer.php"): Navigate to 'http://127.0.0.1/customerphp/customer.php' successfully

05-03-2024T15:01:54 - [MESSAGE][PASSED] - Navigate to 'http://127.0.0.1/customerphp/customer.php' successfully

05-03-2024T15:01:54 - [TEST_STEP][PASSED] - setText(findTestObject("Object Repository/Page_Customer Form/input_First Name_firstName"), "johnjohn"): Text 'johnjohn' is set on object 'Object Repository/Page_Customer Form/input_First Name_firstName'

05-03-2024T15:01:54 - [MESSAGE][PASSED] - Text 'johnjohn' is set on object 'Object Repository/Page_Customer Form/input_First Name_firstName'

05-03-2024T15:01:54 - [TEST_STEP][PASSED] - setText(findTestObject("Object Repository/Page_Customer Form/input_Last Name_lastName"), "canonc"): Text 'canonc' is set on object 'Object Repository/Page_Customer Form/input_Last Name_lastName'

05-03-2024T15:01:55 - [MESSAGE][PASSED] - Text 'canonc' is set on object 'Object Repository/Page_Customer Form/input_Last Name_lastName'

05-03-2024T15:01:55 - [TEST_STEP][PASSED] - setText(findTestObject("Object Repository/Page_Customer Form/input_Age_age"), "2"): Text '2' is set on object 'Object Repository/Page_Customer Form/input_Age_age'

05-03-2024T15:01:56 - [MESSAGE][PASSED] - Text '2' is set on object 'Object Repository/Page_Customer Form/input_Age_age'

05-03-2024T15:01:56 - [TEST_STEP][PASSED] - click(findTestObject("Object Repository/Page_Customer Form/button_Submit")): Object: 'Object Repository/Page_Customer Form/button_Submit' is clicked on

05-03-2024T15:01:56 - [MESSAGE][PASSED] - Object: 'Object Repository/Page_Customer Form/button_Submit' is clicked on

05-03-2024T15:01:56 - [TEST_STEP][PASSED] - verifyTextPresent("First Name: johnjohn", false): Text 'First Name: johnjohn' is present on page 

05-03-2024T15:01:56 - [MESSAGE][PASSED] - Text 'First Name: johnjohn' is present on page 

05-03-2024T15:01:56 - [TEST_STEP][PASSED] - takeFullPageScreenshot("pic/pic01.png"): Taking screenshot successfully

05-03-2024T15:01:56 - [MESSAGE][INFO] - 0 hidden object(s)

05-03-2024T15:01:56 - [MESSAGE][PASSED] - Taking screenshot successfully
[[ATTACHMENT|C:\\Users\\Administrator\\Katalon Studio\\testcustomer\\Reports\\25670305_150146\\Test Suite Customer\\25670305_150146\\pic/pic01.png]]

05-03-2024T15:01:56 - [TEST_STEP][PASSED] - closeBrowser(): Browser is closed

05-03-2024T15:01:57 - [MESSAGE][PASSED] - Browser is closed]]></system-out>
         <system-err><![CDATA[]]></system-err>
      </testcase>
      <testcase name="Test Cases/test_input10" time="4.535" classname="Test Cases/test_input10" status="PASSED">
         <system-out><![CDATA[05-03-2024T15:01:57 - [TEST_CASE][PASSED] - Test Cases/test_input10: Test Cases/test_input10

05-03-2024T15:01:57 - [TEST_STEP][PASSED] - openBrowser(""): Browser is opened with url: ''

05-03-2024T15:01:57 - [MESSAGE][INFO] - Starting 'Chrome' driver

05-03-2024T15:01:57 - [MESSAGE][INFO] - Action delay is set to 0 milliseconds

05-03-2024T15:01:58 - [MESSAGE][PASSED] - Browser is opened with url: ''

05-03-2024T15:01:58 - [TEST_STEP][PASSED] - navigateToUrl("http://127.0.0.1/customerphp/customer.php"): Navigate to 'http://127.0.0.1/customerphp/customer.php' successfully

05-03-2024T15:01:58 - [MESSAGE][PASSED] - Navigate to 'http://127.0.0.1/customerphp/customer.php' successfully

05-03-2024T15:01:58 - [TEST_STEP][PASSED] - selectOptionByValue(findTestObject("Object Repository/Page_Customer Form/select_Mr.          Ms.          Mrs.      _e95a9b"), "Ms.", true): All options with value 'Ms.' are selected in object 'Object Repository/Page_Customer Form/select_Mr.          Ms.          Mrs.      _e95a9b'  using regular expression

05-03-2024T15:01:59 - [MESSAGE][PASSED] - All options with value 'Ms.' are selected in object 'Object Repository/Page_Customer Form/select_Mr.          Ms.          Mrs.      _e95a9b'  using regular expression

05-03-2024T15:01:59 - [TEST_STEP][PASSED] - setText(findTestObject("Object Repository/Page_Customer Form/input_First Name_firstName"), "johnjohn"): Text 'johnjohn' is set on object 'Object Repository/Page_Customer Form/input_First Name_firstName'

05-03-2024T15:01:59 - [MESSAGE][PASSED] - Text 'johnjohn' is set on object 'Object Repository/Page_Customer Form/input_First Name_firstName'

05-03-2024T15:01:59 - [TEST_STEP][PASSED] - setText(findTestObject("Object Repository/Page_Customer Form/input_Last Name_lastName"), "canoncan"): Text 'canoncan' is set on object 'Object Repository/Page_Customer Form/input_Last Name_lastName'

05-03-2024T15:02:00 - [MESSAGE][PASSED] - Text 'canoncan' is set on object 'Object Repository/Page_Customer Form/input_Last Name_lastName'

05-03-2024T15:02:00 - [TEST_STEP][PASSED] - setText(findTestObject("Object Repository/Page_Customer Form/input_Age_age"), "10"): Text '10' is set on object 'Object Repository/Page_Customer Form/input_Age_age'

05-03-2024T15:02:01 - [MESSAGE][PASSED] - Text '10' is set on object 'Object Repository/Page_Customer Form/input_Age_age'

05-03-2024T15:02:01 - [TEST_STEP][PASSED] - click(findTestObject("Object Repository/Page_Customer Form/button_Submit")): Object: 'Object Repository/Page_Customer Form/button_Submit' is clicked on

05-03-2024T15:02:01 - [MESSAGE][PASSED] - Object: 'Object Repository/Page_Customer Form/button_Submit' is clicked on

05-03-2024T15:02:01 - [TEST_STEP][PASSED] - verifyTextPresent("johnjohn", false): Text 'johnjohn' is present on page 

05-03-2024T15:02:01 - [MESSAGE][PASSED] - Text 'johnjohn' is present on page 

05-03-2024T15:02:01 - [TEST_STEP][PASSED] - takeFullPageScreenshot("pic/pic10.png"): Taking screenshot successfully

05-03-2024T15:02:01 - [MESSAGE][INFO] - 0 hidden object(s)

05-03-2024T15:02:01 - [MESSAGE][PASSED] - Taking screenshot successfully
[[ATTACHMENT|C:\\Users\\Administrator\\Katalon Studio\\testcustomer\\Reports\\25670305_150146\\Test Suite Customer\\25670305_150146\\pic/pic10.png]]

05-03-2024T15:02:01 - [TEST_STEP][PASSED] - closeBrowser(): Browser is closed

05-03-2024T15:02:01 - [MESSAGE][PASSED] - Browser is closed]]></system-out>
         <system-err><![CDATA[]]></system-err>
      </testcase>
      <testcase name="Test Cases/test_input11" time="4.561" classname="Test Cases/test_input11" status="PASSED">
         <system-out><![CDATA[05-03-2024T15:02:01 - [TEST_CASE][PASSED] - Test Cases/test_input11: Test Cases/test_input11

05-03-2024T15:02:01 - [TEST_STEP][PASSED] - openBrowser(""): Browser is opened with url: ''

05-03-2024T15:02:01 - [MESSAGE][INFO] - Starting 'Chrome' driver

05-03-2024T15:02:01 - [MESSAGE][INFO] - Action delay is set to 0 milliseconds

05-03-2024T15:02:02 - [MESSAGE][PASSED] - Browser is opened with url: ''

05-03-2024T15:02:02 - [TEST_STEP][PASSED] - navigateToUrl("http://127.0.0.1/customerphp/customer.php"): Navigate to 'http://127.0.0.1/customerphp/customer.php' successfully

05-03-2024T15:02:02 - [MESSAGE][PASSED] - Navigate to 'http://127.0.0.1/customerphp/customer.php' successfully

05-03-2024T15:02:02 - [TEST_STEP][PASSED] - selectOptionByValue(findTestObject("Object Repository/Page_Customer Form/select_Mr.          Ms.          Mrs.      _e95a9b"), "Ms.", true): All options with value 'Ms.' are selected in object 'Object Repository/Page_Customer Form/select_Mr.          Ms.          Mrs.      _e95a9b'  using regular expression

05-03-2024T15:02:03 - [MESSAGE][PASSED] - All options with value 'Ms.' are selected in object 'Object Repository/Page_Customer Form/select_Mr.          Ms.          Mrs.      _e95a9b'  using regular expression

05-03-2024T15:02:03 - [TEST_STEP][PASSED] - setText(findTestObject("Object Repository/Page_Customer Form/input_First Name_firstName"), "johnjohn"): Text 'johnjohn' is set on object 'Object Repository/Page_Customer Form/input_First Name_firstName'

05-03-2024T15:02:04 - [MESSAGE][PASSED] - Text 'johnjohn' is set on object 'Object Repository/Page_Customer Form/input_First Name_firstName'

05-03-2024T15:02:04 - [TEST_STEP][PASSED] - setText(findTestObject("Object Repository/Page_Customer Form/input_Last Name_lastName"), "canoncan"): Text 'canoncan' is set on object 'Object Repository/Page_Customer Form/input_Last Name_lastName'

05-03-2024T15:02:04 - [MESSAGE][PASSED] - Text 'canoncan' is set on object 'Object Repository/Page_Customer Form/input_Last Name_lastName'

05-03-2024T15:02:04 - [TEST_STEP][PASSED] - setText(findTestObject("Object Repository/Page_Customer Form/input_Age_age"), "150"): Text '150' is set on object 'Object Repository/Page_Customer Form/input_Age_age'

05-03-2024T15:02:05 - [MESSAGE][PASSED] - Text '150' is set on object 'Object Repository/Page_Customer Form/input_Age_age'

05-03-2024T15:02:05 - [TEST_STEP][PASSED] - click(findTestObject("Object Repository/Page_Customer Form/button_Submit")): Object: 'Object Repository/Page_Customer Form/button_Submit' is clicked on

05-03-2024T15:02:05 - [MESSAGE][PASSED] - Object: 'Object Repository/Page_Customer Form/button_Submit' is clicked on

05-03-2024T15:02:05 - [TEST_STEP][PASSED] - verifyTextPresent("First Name: johnjohn", false): Text 'First Name: johnjohn' is present on page 

05-03-2024T15:02:05 - [MESSAGE][PASSED] - Text 'First Name: johnjohn' is present on page 

05-03-2024T15:02:05 - [TEST_STEP][PASSED] - takeFullPageScreenshot("pic/pic11.png"): Taking screenshot successfully

05-03-2024T15:02:06 - [MESSAGE][INFO] - 0 hidden object(s)

05-03-2024T15:02:06 - [MESSAGE][PASSED] - Taking screenshot successfully
[[ATTACHMENT|C:\\Users\\Administrator\\Katalon Studio\\testcustomer\\Reports\\25670305_150146\\Test Suite Customer\\25670305_150146\\pic/pic11.png]]

05-03-2024T15:02:06 - [TEST_STEP][PASSED] - closeBrowser(): Browser is closed

05-03-2024T15:02:06 - [MESSAGE][PASSED] - Browser is closed]]></system-out>
         <system-err><![CDATA[]]></system-err>
      </testcase>
      <testcase name="Test Cases/test_input2" time="4.684" classname="Test Cases/test_input2" status="PASSED">
         <system-out><![CDATA[05-03-2024T15:02:06 - [TEST_CASE][PASSED] - Test Cases/test_input2: Test Cases/test_input2

05-03-2024T15:02:06 - [TEST_STEP][PASSED] - openBrowser(""): Browser is opened with url: ''

05-03-2024T15:02:06 - [MESSAGE][INFO] - Starting 'Chrome' driver

05-03-2024T15:02:06 - [MESSAGE][INFO] - Action delay is set to 0 milliseconds

05-03-2024T15:02:07 - [MESSAGE][PASSED] - Browser is opened with url: ''

05-03-2024T15:02:07 - [TEST_STEP][PASSED] - navigateToUrl("http://127.0.0.1/customerphp/customer.php"): Navigate to 'http://127.0.0.1/customerphp/customer.php' successfully

05-03-2024T15:02:07 - [MESSAGE][PASSED] - Navigate to 'http://127.0.0.1/customerphp/customer.php' successfully

05-03-2024T15:02:07 - [TEST_STEP][PASSED] - selectOptionByValue(findTestObject("Object Repository/Page_Customer Form/select_Mr.          Ms.          Mrs.      _e95a9b"), "Ms.", true): All options with value 'Ms.' are selected in object 'Object Repository/Page_Customer Form/select_Mr.          Ms.          Mrs.      _e95a9b'  using regular expression

05-03-2024T15:02:08 - [MESSAGE][PASSED] - All options with value 'Ms.' are selected in object 'Object Repository/Page_Customer Form/select_Mr.          Ms.          Mrs.      _e95a9b'  using regular expression

05-03-2024T15:02:08 - [TEST_STEP][PASSED] - setText(findTestObject("Object Repository/Page_Customer Form/input_First Name_firstName"), "Johnj"): Text 'Johnj' is set on object 'Object Repository/Page_Customer Form/input_First Name_firstName'

05-03-2024T15:02:08 - [MESSAGE][PASSED] - Text 'Johnj' is set on object 'Object Repository/Page_Customer Form/input_First Name_firstName'

05-03-2024T15:02:08 - [TEST_STEP][PASSED] - setText(findTestObject("Object Repository/Page_Customer Form/input_Last Name_lastName"), "canoncanoncano"): Text 'canoncanoncano' is set on object 'Object Repository/Page_Customer Form/input_Last Name_lastName'

05-03-2024T15:02:09 - [MESSAGE][PASSED] - Text 'canoncanoncano' is set on object 'Object Repository/Page_Customer Form/input_Last Name_lastName'

05-03-2024T15:02:09 - [TEST_STEP][PASSED] - setText(findTestObject("Object Repository/Page_Customer Form/input_Age_age"), "149"): Text '149' is set on object 'Object Repository/Page_Customer Form/input_Age_age'

05-03-2024T15:02:10 - [MESSAGE][PASSED] - Text '149' is set on object 'Object Repository/Page_Customer Form/input_Age_age'

05-03-2024T15:02:10 - [TEST_STEP][PASSED] - click(findTestObject("Object Repository/Page_Customer Form/button_Submit")): Object: 'Object Repository/Page_Customer Form/button_Submit' is clicked on

05-03-2024T15:02:10 - [MESSAGE][PASSED] - Object: 'Object Repository/Page_Customer Form/button_Submit' is clicked on

05-03-2024T15:02:10 - [TEST_STEP][PASSED] - verifyTextPresent("Johnj", false): Text 'Johnj' is present on page 

05-03-2024T15:02:10 - [MESSAGE][PASSED] - Text 'Johnj' is present on page 

05-03-2024T15:02:10 - [TEST_STEP][PASSED] - takeFullPageScreenshot("pic/pic02.png"): Taking screenshot successfully

05-03-2024T15:02:10 - [MESSAGE][INFO] - 0 hidden object(s)

05-03-2024T15:02:10 - [MESSAGE][PASSED] - Taking screenshot successfully
[[ATTACHMENT|C:\\Users\\Administrator\\Katalon Studio\\testcustomer\\Reports\\25670305_150146\\Test Suite Customer\\25670305_150146\\pic/pic02.png]]

05-03-2024T15:02:10 - [TEST_STEP][PASSED] - closeBrowser(): Browser is closed

05-03-2024T15:02:11 - [MESSAGE][PASSED] - Browser is closed]]></system-out>
         <system-err><![CDATA[]]></system-err>
      </testcase>
      <testcase name="Test Cases/test_input3" time="4.67" classname="Test Cases/test_input3" status="PASSED">
         <system-out><![CDATA[05-03-2024T15:02:11 - [TEST_CASE][PASSED] - Test Cases/test_input3: Test Cases/test_input3

05-03-2024T15:02:11 - [TEST_STEP][PASSED] - openBrowser(""): Browser is opened with url: ''

05-03-2024T15:02:11 - [MESSAGE][INFO] - Starting 'Chrome' driver

05-03-2024T15:02:11 - [MESSAGE][INFO] - Action delay is set to 0 milliseconds

05-03-2024T15:02:11 - [MESSAGE][PASSED] - Browser is opened with url: ''

05-03-2024T15:02:11 - [TEST_STEP][PASSED] - navigateToUrl("http://127.0.0.1/customerphp/customer.php"): Navigate to 'http://127.0.0.1/customerphp/customer.php' successfully

05-03-2024T15:02:11 - [MESSAGE][PASSED] - Navigate to 'http://127.0.0.1/customerphp/customer.php' successfully

05-03-2024T15:02:11 - [TEST_STEP][PASSED] - selectOptionByValue(findTestObject("Object Repository/Page_Customer Form/select_Mr.          Ms.          Mrs.      _e95a9b"), "Ms.", true): All options with value 'Ms.' are selected in object 'Object Repository/Page_Customer Form/select_Mr.          Ms.          Mrs.      _e95a9b'  using regular expression

05-03-2024T15:02:13 - [MESSAGE][PASSED] - All options with value 'Ms.' are selected in object 'Object Repository/Page_Customer Form/select_Mr.          Ms.          Mrs.      _e95a9b'  using regular expression

05-03-2024T15:02:13 - [TEST_STEP][PASSED] - setText(findTestObject("Object Repository/Page_Customer Form/input_First Name_firstName"), "johnjo"): Text 'johnjo' is set on object 'Object Repository/Page_Customer Form/input_First Name_firstName'

05-03-2024T15:02:13 - [MESSAGE][PASSED] - Text 'johnjo' is set on object 'Object Repository/Page_Customer Form/input_First Name_firstName'

05-03-2024T15:02:13 - [TEST_STEP][PASSED] - setText(findTestObject("Object Repository/Page_Customer Form/input_Last Name_lastName"), "canoncanoncanon"): Text 'canoncanoncanon' is set on object 'Object Repository/Page_Customer Form/input_Last Name_lastName'

05-03-2024T15:02:14 - [MESSAGE][PASSED] - Text 'canoncanoncanon' is set on object 'Object Repository/Page_Customer Form/input_Last Name_lastName'

05-03-2024T15:02:14 - [TEST_STEP][PASSED] - setText(findTestObject("Object Repository/Page_Customer Form/input_Age_age"), "150"): Text '150' is set on object 'Object Repository/Page_Customer Form/input_Age_age'

05-03-2024T15:02:14 - [MESSAGE][PASSED] - Text '150' is set on object 'Object Repository/Page_Customer Form/input_Age_age'

05-03-2024T15:02:14 - [TEST_STEP][PASSED] - click(findTestObject("Object Repository/Page_Customer Form/button_Submit")): Object: 'Object Repository/Page_Customer Form/button_Submit' is clicked on

05-03-2024T15:02:15 - [MESSAGE][PASSED] - Object: 'Object Repository/Page_Customer Form/button_Submit' is clicked on

05-03-2024T15:02:15 - [TEST_STEP][PASSED] - verifyTextPresent("johnjo", false): Text 'johnjo' is present on page 

05-03-2024T15:02:15 - [MESSAGE][PASSED] - Text 'johnjo' is present on page 

05-03-2024T15:02:15 - [TEST_STEP][PASSED] - takeFullPageScreenshot("pic/pic03.png"): Taking screenshot successfully

05-03-2024T15:02:15 - [MESSAGE][INFO] - 0 hidden object(s)

05-03-2024T15:02:15 - [MESSAGE][PASSED] - Taking screenshot successfully
[[ATTACHMENT|C:\\Users\\Administrator\\Katalon Studio\\testcustomer\\Reports\\25670305_150146\\Test Suite Customer\\25670305_150146\\pic/pic03.png]]

05-03-2024T15:02:15 - [TEST_STEP][PASSED] - closeBrowser(): Browser is closed

05-03-2024T15:02:15 - [MESSAGE][PASSED] - Browser is closed]]></system-out>
         <system-err><![CDATA[]]></system-err>
      </testcase>
      <testcase name="Test Cases/test_input4" time="4.559" classname="Test Cases/test_input4" status="PASSED">
         <system-out><![CDATA[05-03-2024T15:02:15 - [TEST_CASE][PASSED] - Test Cases/test_input4: Test Cases/test_input4

05-03-2024T15:02:15 - [TEST_STEP][PASSED] - openBrowser(""): Browser is opened with url: ''

05-03-2024T15:02:15 - [MESSAGE][INFO] - Starting 'Chrome' driver

05-03-2024T15:02:15 - [MESSAGE][INFO] - Action delay is set to 0 milliseconds

05-03-2024T15:02:16 - [MESSAGE][PASSED] - Browser is opened with url: ''

05-03-2024T15:02:16 - [TEST_STEP][PASSED] - navigateToUrl("http://127.0.0.1/customerphp/customer.php"): Navigate to 'http://127.0.0.1/customerphp/customer.php' successfully

05-03-2024T15:02:16 - [MESSAGE][PASSED] - Navigate to 'http://127.0.0.1/customerphp/customer.php' successfully

05-03-2024T15:02:16 - [TEST_STEP][PASSED] - selectOptionByValue(findTestObject("Object Repository/Page_Customer Form/select_Mr.          Ms.          Mrs.      _e95a9b"), "Ms.", true): All options with value 'Ms.' are selected in object 'Object Repository/Page_Customer Form/select_Mr.          Ms.          Mrs.      _e95a9b'  using regular expression

05-03-2024T15:02:17 - [MESSAGE][PASSED] - All options with value 'Ms.' are selected in object 'Object Repository/Page_Customer Form/select_Mr.          Ms.          Mrs.      _e95a9b'  using regular expression

05-03-2024T15:02:17 - [TEST_STEP][PASSED] - setText(findTestObject("Object Repository/Page_Customer Form/input_First Name_firstName"), "johnjohnjohnjo"): Text 'johnjohnjohnjo' is set on object 'Object Repository/Page_Customer Form/input_First Name_firstName'

05-03-2024T15:02:18 - [MESSAGE][PASSED] - Text 'johnjohnjohnjo' is set on object 'Object Repository/Page_Customer Form/input_First Name_firstName'

05-03-2024T15:02:18 - [TEST_STEP][PASSED] - setText(findTestObject("Object Repository/Page_Customer Form/input_Last Name_lastName"), "canoncan"): Text 'canoncan' is set on object 'Object Repository/Page_Customer Form/input_Last Name_lastName'

05-03-2024T15:02:18 - [MESSAGE][PASSED] - Text 'canoncan' is set on object 'Object Repository/Page_Customer Form/input_Last Name_lastName'

05-03-2024T15:02:18 - [TEST_STEP][PASSED] - setText(findTestObject("Object Repository/Page_Customer Form/input_Age_age"), "75"): Text '75' is set on object 'Object Repository/Page_Customer Form/input_Age_age'

05-03-2024T15:02:19 - [MESSAGE][PASSED] - Text '75' is set on object 'Object Repository/Page_Customer Form/input_Age_age'

05-03-2024T15:02:19 - [TEST_STEP][PASSED] - click(findTestObject("Object Repository/Page_Customer Form/button_Submit")): Object: 'Object Repository/Page_Customer Form/button_Submit' is clicked on

05-03-2024T15:02:19 - [MESSAGE][PASSED] - Object: 'Object Repository/Page_Customer Form/button_Submit' is clicked on

05-03-2024T15:02:19 - [TEST_STEP][PASSED] - verifyTextPresent("First Name: johnjohnjohnjo", false): Text 'First Name: johnjohnjohnjo' is present on page 

05-03-2024T15:02:19 - [MESSAGE][PASSED] - Text 'First Name: johnjohnjohnjo' is present on page 

05-03-2024T15:02:19 - [TEST_STEP][PASSED] - takeFullPageScreenshot("pic/pic04.png"): Taking screenshot successfully

05-03-2024T15:02:20 - [MESSAGE][INFO] - 0 hidden object(s)

05-03-2024T15:02:20 - [MESSAGE][PASSED] - Taking screenshot successfully
[[ATTACHMENT|C:\\Users\\Administrator\\Katalon Studio\\testcustomer\\Reports\\25670305_150146\\Test Suite Customer\\25670305_150146\\pic/pic04.png]]

05-03-2024T15:02:20 - [TEST_STEP][PASSED] - closeBrowser(): Browser is closed

05-03-2024T15:02:20 - [MESSAGE][PASSED] - Browser is closed]]></system-out>
         <system-err><![CDATA[]]></system-err>
      </testcase>
      <testcase name="Test Cases/test_input5" time="4.553" classname="Test Cases/test_input5" status="PASSED">
         <system-out><![CDATA[05-03-2024T15:02:20 - [TEST_CASE][PASSED] - Test Cases/test_input5: Test Cases/test_input5

05-03-2024T15:02:20 - [TEST_STEP][PASSED] - openBrowser(""): Browser is opened with url: ''

05-03-2024T15:02:20 - [MESSAGE][INFO] - Starting 'Chrome' driver

05-03-2024T15:02:20 - [MESSAGE][INFO] - Action delay is set to 0 milliseconds

05-03-2024T15:02:20 - [MESSAGE][PASSED] - Browser is opened with url: ''

05-03-2024T15:02:20 - [TEST_STEP][PASSED] - navigateToUrl("http://127.0.0.1/customerphp/customer.php"): Navigate to 'http://127.0.0.1/customerphp/customer.php' successfully

05-03-2024T15:02:21 - [MESSAGE][PASSED] - Navigate to 'http://127.0.0.1/customerphp/customer.php' successfully

05-03-2024T15:02:21 - [TEST_STEP][PASSED] - selectOptionByValue(findTestObject("Object Repository/Page_Customer Form/select_Mr.          Ms.          Mrs.      _e95a9b"), "Ms.", true): All options with value 'Ms.' are selected in object 'Object Repository/Page_Customer Form/select_Mr.          Ms.          Mrs.      _e95a9b'  using regular expression

05-03-2024T15:02:22 - [MESSAGE][PASSED] - All options with value 'Ms.' are selected in object 'Object Repository/Page_Customer Form/select_Mr.          Ms.          Mrs.      _e95a9b'  using regular expression

05-03-2024T15:02:22 - [TEST_STEP][PASSED] - setText(findTestObject("Object Repository/Page_Customer Form/input_First Name_firstName"), "johnjohnjohnjoh"): Text 'johnjohnjohnjoh' is set on object 'Object Repository/Page_Customer Form/input_First Name_firstName'

05-03-2024T15:02:22 - [MESSAGE][PASSED] - Text 'johnjohnjohnjoh' is set on object 'Object Repository/Page_Customer Form/input_First Name_firstName'

05-03-2024T15:02:22 - [TEST_STEP][PASSED] - setText(findTestObject("Object Repository/Page_Customer Form/input_Last Name_lastName"), "canoncan"): Text 'canoncan' is set on object 'Object Repository/Page_Customer Form/input_Last Name_lastName'

05-03-2024T15:02:23 - [MESSAGE][PASSED] - Text 'canoncan' is set on object 'Object Repository/Page_Customer Form/input_Last Name_lastName'

05-03-2024T15:02:23 - [TEST_STEP][PASSED] - setText(findTestObject("Object Repository/Page_Customer Form/input_Age_age"), "75"): Text '75' is set on object 'Object Repository/Page_Customer Form/input_Age_age'

05-03-2024T15:02:23 - [MESSAGE][PASSED] - Text '75' is set on object 'Object Repository/Page_Customer Form/input_Age_age'

05-03-2024T15:02:23 - [TEST_STEP][PASSED] - click(findTestObject("Object Repository/Page_Customer Form/button_Submit")): Object: 'Object Repository/Page_Customer Form/button_Submit' is clicked on

05-03-2024T15:02:24 - [MESSAGE][PASSED] - Object: 'Object Repository/Page_Customer Form/button_Submit' is clicked on

05-03-2024T15:02:24 - [TEST_STEP][PASSED] - verifyTextPresent("First Name: johnjohnjohnjoh", false): Text 'First Name: johnjohnjohnjoh' is present on page 

05-03-2024T15:02:24 - [MESSAGE][PASSED] - Text 'First Name: johnjohnjohnjoh' is present on page 

05-03-2024T15:02:24 - [TEST_STEP][PASSED] - takeFullPageScreenshot("pic/pic05.png"): Taking screenshot successfully

05-03-2024T15:02:24 - [MESSAGE][INFO] - 0 hidden object(s)

05-03-2024T15:02:24 - [MESSAGE][PASSED] - Taking screenshot successfully
[[ATTACHMENT|C:\\Users\\Administrator\\Katalon Studio\\testcustomer\\Reports\\25670305_150146\\Test Suite Customer\\25670305_150146\\pic/pic05.png]]

05-03-2024T15:02:24 - [TEST_STEP][PASSED] - closeBrowser(): Browser is closed

05-03-2024T15:02:24 - [MESSAGE][PASSED] - Browser is closed]]></system-out>
         <system-err><![CDATA[]]></system-err>
      </testcase>
      <testcase name="Test Cases/test_input6" time="4.661" classname="Test Cases/test_input6" status="PASSED">
         <system-out><![CDATA[05-03-2024T15:02:24 - [TEST_CASE][PASSED] - Test Cases/test_input6: Test Cases/test_input6

05-03-2024T15:02:25 - [TEST_STEP][PASSED] - openBrowser(""): Browser is opened with url: ''

05-03-2024T15:02:25 - [MESSAGE][INFO] - Starting 'Chrome' driver

05-03-2024T15:02:25 - [MESSAGE][INFO] - Action delay is set to 0 milliseconds

05-03-2024T15:02:25 - [MESSAGE][PASSED] - Browser is opened with url: ''

05-03-2024T15:02:25 - [TEST_STEP][PASSED] - navigateToUrl("http://127.0.0.1/customerphp/customer.php"): Navigate to 'http://127.0.0.1/customerphp/customer.php' successfully

05-03-2024T15:02:25 - [MESSAGE][PASSED] - Navigate to 'http://127.0.0.1/customerphp/customer.php' successfully

05-03-2024T15:02:25 - [TEST_STEP][PASSED] - selectOptionByValue(findTestObject("Object Repository/Page_Customer Form/select_Mr.          Ms.          Mrs.      _e95a9b"), "Ms.", true): All options with value 'Ms.' are selected in object 'Object Repository/Page_Customer Form/select_Mr.          Ms.          Mrs.      _e95a9b'  using regular expression

05-03-2024T15:02:26 - [MESSAGE][PASSED] - All options with value 'Ms.' are selected in object 'Object Repository/Page_Customer Form/select_Mr.          Ms.          Mrs.      _e95a9b'  using regular expression

05-03-2024T15:02:26 - [TEST_STEP][PASSED] - setText(findTestObject("Object Repository/Page_Customer Form/input_First Name_firstName"), "John"): Text 'John' is set on object 'Object Repository/Page_Customer Form/input_First Name_firstName'

05-03-2024T15:02:27 - [MESSAGE][PASSED] - Text 'John' is set on object 'Object Repository/Page_Customer Form/input_First Name_firstName'

05-03-2024T15:02:27 - [TEST_STEP][PASSED] - setText(findTestObject("Object Repository/Page_Customer Form/input_Last Name_lastName"), "cannoncan"): Text 'cannoncan' is set on object 'Object Repository/Page_Customer Form/input_Last Name_lastName'

05-03-2024T15:02:27 - [MESSAGE][PASSED] - Text 'cannoncan' is set on object 'Object Repository/Page_Customer Form/input_Last Name_lastName'

05-03-2024T15:02:27 - [TEST_STEP][PASSED] - setText(findTestObject("Object Repository/Page_Customer Form/input_Age_age"), "75"): Text '75' is set on object 'Object Repository/Page_Customer Form/input_Age_age'

05-03-2024T15:02:28 - [MESSAGE][PASSED] - Text '75' is set on object 'Object Repository/Page_Customer Form/input_Age_age'

05-03-2024T15:02:28 - [TEST_STEP][PASSED] - click(findTestObject("Object Repository/Page_Customer Form/button_Submit")): Object: 'Object Repository/Page_Customer Form/button_Submit' is clicked on

05-03-2024T15:02:28 - [MESSAGE][PASSED] - Object: 'Object Repository/Page_Customer Form/button_Submit' is clicked on

05-03-2024T15:02:28 - [TEST_STEP][PASSED] - verifyTextPresent("Customer Detail Form", false): Text 'Customer Detail Form' is present on page 

05-03-2024T15:02:29 - [MESSAGE][PASSED] - Text 'Customer Detail Form' is present on page 

05-03-2024T15:02:29 - [TEST_STEP][PASSED] - takeFullPageScreenshot("pic/pic06.png"): Taking screenshot successfully

05-03-2024T15:02:29 - [MESSAGE][INFO] - 0 hidden object(s)

05-03-2024T15:02:29 - [MESSAGE][PASSED] - Taking screenshot successfully
[[ATTACHMENT|C:\\Users\\Administrator\\Katalon Studio\\testcustomer\\Reports\\25670305_150146\\Test Suite Customer\\25670305_150146\\pic/pic06.png]]

05-03-2024T15:02:29 - [TEST_STEP][PASSED] - closeBrowser(): Browser is closed

05-03-2024T15:02:29 - [MESSAGE][PASSED] - Browser is closed]]></system-out>
         <system-err><![CDATA[]]></system-err>
      </testcase>
      <testcase name="Test Cases/test_input8" time="4.637" classname="Test Cases/test_input8" status="PASSED">
         <system-out><![CDATA[05-03-2024T15:02:29 - [TEST_CASE][PASSED] - Test Cases/test_input8: Test Cases/test_input8

05-03-2024T15:02:29 - [TEST_STEP][PASSED] - openBrowser(""): Browser is opened with url: ''

05-03-2024T15:02:29 - [MESSAGE][INFO] - Starting 'Chrome' driver

05-03-2024T15:02:29 - [MESSAGE][INFO] - Action delay is set to 0 milliseconds

05-03-2024T15:02:30 - [MESSAGE][PASSED] - Browser is opened with url: ''

05-03-2024T15:02:30 - [TEST_STEP][PASSED] - navigateToUrl("http://127.0.0.1/customerphp/customer.php"): Navigate to 'http://127.0.0.1/customerphp/customer.php' successfully

05-03-2024T15:02:30 - [MESSAGE][PASSED] - Navigate to 'http://127.0.0.1/customerphp/customer.php' successfully

05-03-2024T15:02:30 - [TEST_STEP][PASSED] - selectOptionByValue(findTestObject("Object Repository/Page_Customer Form/select_Mr.          Ms.          Mrs.      _e95a9b"), "Ms.", true): All options with value 'Ms.' are selected in object 'Object Repository/Page_Customer Form/select_Mr.          Ms.          Mrs.      _e95a9b'  using regular expression

05-03-2024T15:02:31 - [MESSAGE][PASSED] - All options with value 'Ms.' are selected in object 'Object Repository/Page_Customer Form/select_Mr.          Ms.          Mrs.      _e95a9b'  using regular expression

05-03-2024T15:02:31 - [TEST_STEP][PASSED] - setText(findTestObject("Object Repository/Page_Customer Form/input_First Name_firstName"), "johnjohn"): Text 'johnjohn' is set on object 'Object Repository/Page_Customer Form/input_First Name_firstName'

05-03-2024T15:02:32 - [MESSAGE][PASSED] - Text 'johnjohn' is set on object 'Object Repository/Page_Customer Form/input_First Name_firstName'

05-03-2024T15:02:32 - [TEST_STEP][PASSED] - setText(findTestObject("Object Repository/Page_Customer Form/input_Last Name_lastName"), "canon"): Text 'canon' is set on object 'Object Repository/Page_Customer Form/input_Last Name_lastName'

05-03-2024T15:02:32 - [MESSAGE][PASSED] - Text 'canon' is set on object 'Object Repository/Page_Customer Form/input_Last Name_lastName'

05-03-2024T15:02:32 - [TEST_STEP][PASSED] - setText(findTestObject("Object Repository/Page_Customer Form/input_Age_age"), "75"): Text '75' is set on object 'Object Repository/Page_Customer Form/input_Age_age'

05-03-2024T15:02:33 - [MESSAGE][PASSED] - Text '75' is set on object 'Object Repository/Page_Customer Form/input_Age_age'

05-03-2024T15:02:33 - [TEST_STEP][PASSED] - click(findTestObject("Object Repository/Page_Customer Form/button_Submit")): Object: 'Object Repository/Page_Customer Form/button_Submit' is clicked on

05-03-2024T15:02:33 - [MESSAGE][PASSED] - Object: 'Object Repository/Page_Customer Form/button_Submit' is clicked on

05-03-2024T15:02:33 - [TEST_STEP][PASSED] - verifyTextPresent("First Name: johnjohn", false): Text 'First Name: johnjohn' is present on page 

05-03-2024T15:02:33 - [MESSAGE][PASSED] - Text 'First Name: johnjohn' is present on page 

05-03-2024T15:02:33 - [TEST_STEP][PASSED] - takeFullPageScreenshot("pic/pic08.png"): Taking screenshot successfully

05-03-2024T15:02:33 - [MESSAGE][INFO] - 0 hidden object(s)

05-03-2024T15:02:34 - [MESSAGE][PASSED] - Taking screenshot successfully
[[ATTACHMENT|C:\\Users\\Administrator\\Katalon Studio\\testcustomer\\Reports\\25670305_150146\\Test Suite Customer\\25670305_150146\\pic/pic08.png]]

05-03-2024T15:02:34 - [TEST_STEP][PASSED] - closeBrowser(): Browser is closed

05-03-2024T15:02:34 - [MESSAGE][PASSED] - Browser is closed]]></system-out>
         <system-err><![CDATA[]]></system-err>
      </testcase>
      <system-out><![CDATA[05-03-2024T15:01:52 - [TEST_SUITE][PASSED] - Test Suite Customer: Test Cases/test_input8]]></system-out>
      <system-err><![CDATA[]]></system-err>
   </testsuite>
</testsuites>
